<?xml version="1.0" encoding="UTF-8"?>
<!-- Generated by org.testng.reporters.JUnitReportReporter -->
<testsuite skipped="0" hostname="TL-HEN-ICTS-01" name="com.nopecommerce.demo.AppTest" tests="1" failures="0" timestamp="16 Dec 2021 00:00:26 GMT" time="0.014" errors="0">
  <testcase name="shouldAnswerWithTrue" time="0.014" classname="com.nopecommerce.demo.AppTest"/>
</testsuite> <!-- com.nopecommerce.demo.AppTest -->
